#
# There is insufficient memory for the Java Runtime Environment to continue.
# Native memory allocation (malloc) failed to allocate 32744 bytes for ChunkPool::allocate
# Possible reasons:
#   The system is out of physical RAM or swap space
#   In 32 bit mode, the process size limit was hit
# Possible solutions:
#   Reduce memory load on the system
#   Increase physical memory or swap space
#   Check if swap backing store is full
#   Use 64 bit Java on a 64 bit OS
#   Decrease Java heap size (-Xmx/-Xms)
#   Decrease number of Java threads
#   Decrease Java thread stack sizes (-Xss)
#   Set larger code cache with -XX:ReservedCodeCacheSize=
# This output file may be truncated or incomplete.
#
#  Out of Memory Error (allocation.cpp:273), pid=9184, tid=0x0000000000001a54
#
# JRE version: OpenJDK Runtime Environment (8.0_152-b02) (build 1.8.0_152-release-1024-b02)
# Java VM: OpenJDK 64-Bit Server VM (25.152-b02 mixed mode windows-amd64 compressed oops)
# Failed to write core dump. Minidumps are not enabled by default on client versions of Windows
#

---------------  T H R E A D  ---------------

Current thread (0x000000001753e800):  JavaThread "C1 CompilerThread2" daemon [_thread_in_native, id=6740, stack(0x0000000017d30000,0x0000000017e30000)]

Stack: [0x0000000017d30000,0x0000000017e30000]
[error occurred during error reporting (printing stack bounds), id 0xc0000005]

Native frames: (J=compiled Java code, j=interpreted, Vv=VM code, C=native code)


Current CompileTask:
C1:   4271 1388       3       java.io.WinNTFileSystem::normalize (231 bytes)


---------------  P R O C E S S  ---------------

Java Threads: ( => current thread )
  0x000000001a9e0800 JavaThread "File lock request listener" [_thread_in_native, id=7156, stack(0x000000001ba90000,0x000000001bb90000)]
  0x000000001926d000 JavaThread "Cache worker for file hash cache (C:\Users\Administrator\.gradle\caches\4.4\fileHashes)" [_thread_blocked, id=4364, stack(0x000000001b990000,0x000000001ba90000)]
  0x0000000018eef800 JavaThread "Stdin handler" [_thread_blocked, id=896, stack(0x000000001a6c0000,0x000000001a7c0000)]
  0x0000000018eef000 JavaThread "Asynchronous log dispatcher for DefaultDaemonConnection: socket connection from /127.0.0.1:49914 to /127.0.0.1:49915" [_thread_blocked, id=988, stack(0x000000001a5c0000,0x000000001a6c0000)]
  0x000000001920f000 JavaThread "Daemon worker" [_thread_in_vm, id=6652, stack(0x000000001a4c0000,0x000000001a5c0000)]
  0x0000000018ef5000 JavaThread "Cancel handler" [_thread_blocked, id=1592, stack(0x000000001a3c0000,0x000000001a4c0000)]
  0x0000000018edf000 JavaThread "Handler for socket connection from /127.0.0.1:49914 to /127.0.0.1:49915" [_thread_in_native, id=9736, stack(0x000000001a0c0000,0x000000001a1c0000)]
  0x0000000018ede800 JavaThread "Daemon" [_thread_blocked, id=9512, stack(0x0000000019fc0000,0x000000001a0c0000)]
  0x0000000019182800 JavaThread "Daemon periodic checks" [_thread_blocked, id=6500, stack(0x0000000019ec0000,0x0000000019fc0000)]
  0x0000000019138800 JavaThread "Incoming local TCP Connector on port 49914" [_thread_in_native, id=5492, stack(0x0000000019a20000,0x0000000019b20000)]
  0x00000000175b7800 JavaThread "Service Thread" daemon [_thread_blocked, id=9680, stack(0x0000000017e30000,0x0000000017f30000)]
=>0x000000001753e800 JavaThread "C1 CompilerThread2" daemon [_thread_in_native, id=6740, stack(0x0000000017d30000,0x0000000017e30000)]
  0x00000000161cd800 JavaThread "C2 CompilerThread1" daemon [_thread_in_native, id=5896, stack(0x0000000017c30000,0x0000000017d30000)]
  0x000000001617c800 JavaThread "C2 CompilerThread0" daemon [_thread_in_native, id=3828, stack(0x0000000017b30000,0x0000000017c30000)]
  0x0000000016165800 JavaThread "Attach Listener" daemon [_thread_blocked, id=9932, stack(0x0000000017a30000,0x0000000017b30000)]
  0x0000000017538800 JavaThread "Signal Dispatcher" daemon [_thread_blocked, id=5320, stack(0x0000000017930000,0x0000000017a30000)]
  0x00000000027fc000 JavaThread "Finalizer" daemon [_thread_blocked, id=1652, stack(0x00000000173d0000,0x00000000174d0000)]
  0x0000000016137000 JavaThread "Reference Handler" daemon [_thread_blocked, id=7608, stack(0x00000000172d0000,0x00000000173d0000)]
  0x0000000002702800 JavaThread "main" [_thread_blocked, id=8044, stack(0x0000000002600000,0x0000000002700000)]

Other Threads:
  0x0000000016135000 VMThread [stack: 0x00000000171d0000,0x00000000172d0000] [id=1168]
  0x00000000175b8000 WatcherThread [stack: 0x0000000017f30000,0x0000000018030000] [id=10172]

VM state:not at safepoint (normal execution)

VM Mutex/Monitor currently owned by a thread: None

Heap:
 PSYoungGen      total 49664K, used 4596K [0x00000000e0000000, 0x00000000e3800000, 0x0000000100000000)
  eden space 48640K, 7% used [0x00000000e0000000,0x00000000e037f290,0x00000000e2f80000)
  from space 1024K, 99% used [0x00000000e3380000,0x00000000e347e010,0x00000000e3480000)
  to   space 4096K, 0% used [0x00000000e2f80000,0x00000000e2f80000,0x00000000e3380000)
 ParOldGen       total 65536K, used 7857K [0x00000000a0000000, 0x00000000a4000000, 0x00000000e0000000)
  object space 65536K, 11% used [0x00000000a0000000,0x00000000a07ac468,0x00000000a4000000)
 Metaspace       used 14635K, capacity 15074K, committed 15232K, reserved 1062912K
  class space    used 2036K, capacity 2159K, committed 2176K, reserved 1048576K

Card table byte_map: [0x0000000011bc0000,0x0000000011ed0000] byte_map_base: 0x00000000116c0000

Marking Bits: (ParMarkBitMap*) 0x0000000057c84970
 Begin Bits: [0x00000000124d0000, 0x0000000013cd0000)
 End Bits:   [0x0000000013cd0000, 0x00000000154d0000)

Polling page: 0x0000000002210000

CodeCache: size=245760Kb used=4832Kb max_used=4832Kb free=240927Kb
 bounds [0x0000000002800000, 0x0000000002cc0000, 0x0000000011800000]
 total_blobs=1755 nmethods=1384 adapters=284
 compilation: enabled

Compilation events (10 events):
Event: 4.228 Thread 0x000000001753e800 nmethod 1383 0x0000000002cb6050 code [0x0000000002cb62e0, 0x0000000002cb73a8]
Event: 4.233 Thread 0x000000001753e800 1384       3       sun.reflect.ReflectionFactory::checkInitted (19 bytes)
Event: 4.234 Thread 0x000000001753e800 nmethod 1384 0x0000000002cb7e90 code [0x0000000002cb8000, 0x0000000002cb82c8]
Event: 4.242 Thread 0x000000001753e800 1385       3       org.gradle.internal.service.DefaultServiceRegistry$DefaultLookupContext$4::apply (13 bytes)
Event: 4.242 Thread 0x000000001753e800 nmethod 1385 0x0000000002cb8690 code [0x0000000002cb8820, 0x0000000002cb8d28]
Event: 4.244 Thread 0x000000001753e800 1386       3       org.gradle.internal.service.DefaultServiceRegistry$CompositeProvider::getService (71 bytes)
Event: 4.245 Thread 0x000000001753e800 nmethod 1386 0x0000000002cb8e90 code [0x0000000002cb9060, 0x0000000002cb9608]
Event: 4.245 Thread 0x000000001753e800 1387       3       java.util.IdentityHashMap::hash (18 bytes)
Event: 4.245 Thread 0x000000001753e800 nmethod 1387 0x0000000002cb9910 code [0x0000000002cb9a80, 0x0000000002cb9c08]
Event: 4.259 Thread 0x000000001753e800 1388       3       java.io.WinNTFileSystem::normalize (231 bytes)

GC Heap History (8 events):
Event: 0.925 GC heap before
{Heap before GC invocations=1 (full 0):
 PSYoungGen      total 28672K, used 24576K [0x00000000e0000000, 0x00000000e2000000, 0x0000000100000000)
  eden space 24576K, 100% used [0x00000000e0000000,0x00000000e1800000,0x00000000e1800000)
  from space 4096K, 0% used [0x00000000e1c00000,0x00000000e1c00000,0x00000000e2000000)
  to   space 4096K, 0% used [0x00000000e1800000,0x00000000e1800000,0x00000000e1c00000)
 ParOldGen       total 65536K, used 0K [0x00000000a0000000, 0x00000000a4000000, 0x00000000e0000000)
  object space 65536K, 0% used [0x00000000a0000000,0x00000000a0000000,0x00000000a4000000)
 Metaspace       used 6904K, capacity 7128K, committed 7424K, reserved 1056768K
  class space    used 844K, capacity 909K, committed 1024K, reserved 1048576K
Event: 0.935 GC heap after
Heap after GC invocations=1 (full 0):
 PSYoungGen      total 28672K, used 4091K [0x00000000e0000000, 0x00000000e3800000, 0x0000000100000000)
  eden space 24576K, 0% used [0x00000000e0000000,0x00000000e0000000,0x00000000e1800000)
  from space 4096K, 99% used [0x00000000e1800000,0x00000000e1bfefc0,0x00000000e1c00000)
  to   space 4096K, 0% used [0x00000000e3400000,0x00000000e3400000,0x00000000e3800000)
 ParOldGen       total 65536K, used 262K [0x00000000a0000000, 0x00000000a4000000, 0x00000000e0000000)
  object space 65536K, 0% used [0x00000000a0000000,0x00000000a0041918,0x00000000a4000000)
 Metaspace       used 6904K, capacity 7128K, committed 7424K, reserved 1056768K
  class space    used 844K, capacity 909K, committed 1024K, reserved 1048576K
}
Event: 1.658 GC heap before
{Heap before GC invocations=2 (full 0):
 PSYoungGen      total 28672K, used 28667K [0x00000000e0000000, 0x00000000e3800000, 0x0000000100000000)
  eden space 24576K, 100% used [0x00000000e0000000,0x00000000e1800000,0x00000000e1800000)
  from space 4096K, 99% used [0x00000000e1800000,0x00000000e1bfefc0,0x00000000e1c00000)
  to   space 4096K, 0% used [0x00000000e3400000,0x00000000e3400000,0x00000000e3800000)
 ParOldGen       total 65536K, used 262K [0x00000000a0000000, 0x00000000a4000000, 0x00000000e0000000)
  object space 65536K, 0% used [0x00000000a0000000,0x00000000a0041918,0x00000000a4000000)
 Metaspace       used 7249K, capacity 7538K, committed 7680K, reserved 1056768K
  class space    used 904K, capacity 982K, committed 1024K, reserved 1048576K
Event: 1.663 GC heap after
Heap after GC invocations=2 (full 0):
 PSYoungGen      total 28160K, used 3274K [0x00000000e0000000, 0x00000000e3780000, 0x0000000100000000)
  eden space 24576K, 0% used [0x00000000e0000000,0x00000000e0000000,0x00000000e1800000)
  from space 3584K, 91% used [0x00000000e3400000,0x00000000e3732848,0x00000000e3780000)
  to   space 4096K, 0% used [0x00000000e2f80000,0x00000000e2f80000,0x00000000e3380000)
 ParOldGen       total 65536K, used 270K [0x00000000a0000000, 0x00000000a4000000, 0x00000000e0000000)
  object space 65536K, 0% used [0x00000000a0000000,0x00000000a0043918,0x00000000a4000000)
 Metaspace       used 7249K, capacity 7538K, committed 7680K, reserved 1056768K
  class space    used 904K, capacity 982K, committed 1024K, reserved 1048576K
}
Event: 3.322 GC heap before
{Heap before GC invocations=3 (full 0):
 PSYoungGen      total 28160K, used 27850K [0x00000000e0000000, 0x00000000e3780000, 0x0000000100000000)
  eden space 24576K, 100% used [0x00000000e0000000,0x00000000e1800000,0x00000000e1800000)
  from space 3584K, 91% used [0x00000000e3400000,0x00000000e3732848,0x00000000e3780000)
  to   space 4096K, 0% used [0x00000000e2f80000,0x00000000e2f80000,0x00000000e3380000)
 ParOldGen       total 65536K, used 270K [0x00000000a0000000, 0x00000000a4000000, 0x00000000e0000000)
  object space 65536K, 0% used [0x00000000a0000000,0x00000000a0043918,0x00000000a4000000)
 Metaspace       used 12338K, capacity 12702K, committed 12800K, reserved 1060864K
  class space    used 1638K, capacity 1773K, committed 1792K, reserved 1048576K
Event: 3.330 GC heap after
Heap after GC invocations=3 (full 0):
 PSYoungGen      total 28672K, used 4064K [0x00000000e0000000, 0x00000000e3480000, 0x0000000100000000)
  eden space 24576K, 0% used [0x00000000e0000000,0x00000000e0000000,0x00000000e1800000)
  from space 4096K, 99% used [0x00000000e2f80000,0x00000000e3378050,0x00000000e3380000)
  to   space 1024K, 0% used [0x00000000e3380000,0x00000000e3380000,0x00000000e3480000)
 ParOldGen       total 65536K, used 2277K [0x00000000a0000000, 0x00000000a4000000, 0x00000000e0000000)
  object space 65536K, 3% used [0x00000000a0000000,0x00000000a0239528,0x00000000a4000000)
 Metaspace       used 12338K, capacity 12702K, committed 12800K, reserved 1060864K
  class space    used 1638K, capacity 1773K, committed 1792K, reserved 1048576K
}
Event: 3.663 GC heap before
{Heap before GC invocations=4 (full 0):
 PSYoungGen      total 28672K, used 28640K [0x00000000e0000000, 0x00000000e3480000, 0x0000000100000000)
  eden space 24576K, 100% used [0x00000000e0000000,0x00000000e1800000,0x00000000e1800000)
  from space 4096K, 99% used [0x00000000e2f80000,0x00000000e3378050,0x00000000e3380000)
  to   space 1024K, 0% used [0x00000000e3380000,0x00000000e3380000,0x00000000e3480000)
 ParOldGen       total 65536K, used 2277K [0x00000000a0000000, 0x00000000a4000000, 0x00000000e0000000)
  object space 65536K, 3% used [0x00000000a0000000,0x00000000a0239528,0x00000000a4000000)
 Metaspace       used 14294K, capacity 14658K, committed 14720K, reserved 1062912K
  class space    used 1981K, capacity 2127K, committed 2176K, reserved 1048576K
Event: 3.674 GC heap after
Heap after GC invocations=4 (full 0):
 PSYoungGen      total 49664K, used 1016K [0x00000000e0000000, 0x00000000e3800000, 0x0000000100000000)
  eden space 48640K, 0% used [0x00000000e0000000,0x00000000e0000000,0x00000000e2f80000)
  from space 1024K, 99% used [0x00000000e3380000,0x00000000e347e010,0x00000000e3480000)
  to   space 4096K, 0% used [0x00000000e2f80000,0x00000000e2f80000,0x00000000e3380000)
 ParOldGen       total 65536K, used 7857K [0x00000000a0000000, 0x00000000a4000000, 0x00000000e0000000)
  object space 65536K, 11% used [0x00000000a0000000,0x00000000a07ac468,0x00000000a4000000)
 Metaspace       used 14294K, capacity 14658K, committed 14720K, reserved 1062912K
  class space    used 1981K, capacity 2127K, committed 2176K, reserved 1048576K
}

Deoptimization events (10 events):
Event: 2.648 Thread 0x0000000002702800 Uncommon trap: reason=unstable_if action=reinterpret pc=0x0000000002ab2540 method=java.io.WinNTFileSystem.normalize(Ljava/lang/String;)Ljava/lang/String; @ 128
Event: 2.648 Thread 0x0000000002702800 Uncommon trap: reason=unstable_if action=reinterpret pc=0x0000000002b21300 method=java.io.WinNTFileSystem.normalize(Ljava/lang/String;II)Ljava/lang/String; @ 90
Event: 3.168 Thread 0x0000000018edf000 Uncommon trap: reason=unstable_if action=reinterpret pc=0x0000000002ba6494 method=java.util.concurrent.ConcurrentHashMap.putVal(Ljava/lang/Object;Ljava/lang/Object;Z)Ljava/lang/Object; @ 206
Event: 3.276 Thread 0x000000001920f000 Uncommon trap: reason=bimorphic action=maybe_recompile pc=0x0000000002b3829c method=java.util.HashMap.putVal(ILjava/lang/Object;Ljava/lang/Object;ZZ)Ljava/lang/Object; @ 253
Event: 3.276 Thread 0x000000001920f000 Uncommon trap: reason=bimorphic action=maybe_recompile pc=0x0000000002b3829c method=java.util.HashMap.putVal(ILjava/lang/Object;Ljava/lang/Object;ZZ)Ljava/lang/Object; @ 253
Event: 3.277 Thread 0x000000001920f000 Uncommon trap: reason=bimorphic action=maybe_recompile pc=0x0000000002b3829c method=java.util.HashMap.putVal(ILjava/lang/Object;Ljava/lang/Object;ZZ)Ljava/lang/Object; @ 253
Event: 3.293 Thread 0x000000001920f000 Uncommon trap: reason=class_check action=maybe_recompile pc=0x0000000002aac1d8 method=java.util.regex.Matcher.match(II)Z @ 86
Event: 3.617 Thread 0x000000001920f000 Uncommon trap: reason=class_check action=maybe_recompile pc=0x0000000002aac1d8 method=java.util.regex.Matcher.match(II)Z @ 86
Event: 3.617 Thread 0x000000001920f000 Uncommon trap: reason=class_check action=maybe_recompile pc=0x0000000002a7f55c method=java.util.regex.Matcher.match(II)Z @ 86
Event: 4.246 Thread 0x000000001920f000 Uncommon trap: reason=unstable_if action=reinterpret pc=0x0000000002c90bf4 method=java.lang.String.lastIndexOf([CII[CIII)I @ 66

Classes redefined (0 events):
No events

Internal exceptions (10 events):
Event: 3.192 Thread 0x0000000018edf000 Exception <a 'java/lang/NoSuchMethodError': <clinit>> (0x00000000e132efb0) thrown at [D:\src\AOSP-openjdk-cygwin\jdk8u\hotspot\src\share\vm\prims\jni.cpp, line 1613]
Event: 3.193 Thread 0x0000000018edf000 Exception <a 'java/lang/NoSuchMethodError': <clinit>> (0x00000000e1337a78) thrown at [D:\src\AOSP-openjdk-cygwin\jdk8u\hotspot\src\share\vm\prims\jni.cpp, line 1613]
Event: 3.194 Thread 0x0000000018edf000 Exception <a 'java/lang/NoSuchMethodError': <clinit>> (0x00000000e1349198) thrown at [D:\src\AOSP-openjdk-cygwin\jdk8u\hotspot\src\share\vm\prims\jni.cpp, line 1613]
Event: 3.213 Thread 0x0000000018edf000 Exception <a 'java/lang/NoSuchMethodError': <clinit>> (0x00000000e13adfc8) thrown at [D:\src\AOSP-openjdk-cygwin\jdk8u\hotspot\src\share\vm\prims\jni.cpp, line 1613]
Event: 3.220 Thread 0x0000000018edf000 Exception <a 'java/lang/NoSuchMethodError': <clinit>> (0x00000000e13d1710) thrown at [D:\src\AOSP-openjdk-cygwin\jdk8u\hotspot\src\share\vm\prims\jni.cpp, line 1613]
Event: 3.230 Thread 0x0000000018edf000 Exception <a 'java/lang/NoSuchMethodError': <clinit>> (0x00000000e13fb1f8) thrown at [D:\src\AOSP-openjdk-cygwin\jdk8u\hotspot\src\share\vm\prims\jni.cpp, line 1613]
Event: 3.233 Thread 0x0000000018edf000 Exception <a 'java/lang/NoSuchMethodError': <clinit>> (0x00000000e1408e38) thrown at [D:\src\AOSP-openjdk-cygwin\jdk8u\hotspot\src\share\vm\prims\jni.cpp, line 1613]
Event: 3.240 Thread 0x0000000018edf000 Exception <a 'java/lang/NoSuchMethodError': <clinit>> (0x00000000e142a708) thrown at [D:\src\AOSP-openjdk-cygwin\jdk8u\hotspot\src\share\vm\prims\jni.cpp, line 1613]
Event: 3.262 Thread 0x000000001920f000 Exception <a 'java/lang/NoSuchMethodError': <clinit>> (0x00000000e14da978) thrown at [D:\src\AOSP-openjdk-cygwin\jdk8u\hotspot\src\share\vm\prims\jni.cpp, line 1613]
Event: 3.264 Thread 0x000000001920f000 Exception <a 'java/lang/NoSuchMethodError': <clinit>> (0x00000000e14e2c00) thrown at [D:\src\AOSP-openjdk-cygwin\jdk8u\hotspot\src\share\vm\prims\jni.cpp, line 1613]

Events (10 events):
Event: 4.263 loading class com/google/common/io/CharStreams$NullWriter
Event: 4.263 loading class com/google/common/io/CharStreams$NullWriter done
Event: 4.264 loading class com/google/common/io/CharStreams$3
Event: 4.264 loading class com/google/common/io/CharStreams$3 done
Event: 4.265 loading class com/google/common/io/CharSink
Event: 4.265 loading class com/google/common/io/CharSink done
Event: 4.265 loading class com/google/common/io/CharStreams$4
Event: 4.265 loading class com/google/common/io/CharStreams$4 done
Event: 4.266 loading class com/google/common/io/CharStreams$2
Event: 4.266 loading class com/google/common/io/CharStreams$2 done


Dynamic libraries:
0x00007ff6f2960000 - 0x00007ff6f2991000 	F:\anzhuangAndroidstudio\jre\bin\java.exe
0x00007ffb24690000 - 0x00007ffb24861000 	C:\Windows\SYSTEM32\ntdll.dll
0x00007ffb22a00000 - 0x00007ffb22aab000 	C:\Windows\System32\KERNEL32.DLL
0x00007ffb21470000 - 0x00007ffb2168d000 	C:\Windows\System32\KERNELBASE.dll
0x00007ffb242a0000 - 0x00007ffb24342000 	C:\Windows\System32\ADVAPI32.dll
0x00007ffb24490000 - 0x00007ffb2452e000 	C:\Windows\System32\msvcrt.dll
0x00007ffb245d0000 - 0x00007ffb24629000 	C:\Windows\System32\sechost.dll
0x00007ffb228d0000 - 0x00007ffb229f1000 	C:\Windows\System32\RPCRT4.dll
0x00007ffb21cc0000 - 0x00007ffb21e25000 	C:\Windows\System32\USER32.dll
0x00007ffb218c0000 - 0x00007ffb218de000 	C:\Windows\System32\win32u.dll
0x00007ffb225e0000 - 0x00007ffb22614000 	C:\Windows\System32\GDI32.dll
0x00007ffb21690000 - 0x00007ffb21812000 	C:\Windows\System32\gdi32full.dll
0x00007ffb15250000 - 0x00007ffb154ca000 	C:\Windows\WinSxS\amd64_microsoft.windows.common-controls_6595b64144ccf1df_6.0.14393.351_none_4213128bc687e6d3\COMCTL32.dll
0x00007ffb23fd0000 - 0x00007ffb24297000 	C:\Windows\System32\combase.dll
0x00007ffb218e0000 - 0x00007ffb219d5000 	C:\Windows\System32\ucrtbase.dll
0x00007ffb219e0000 - 0x00007ffb21a4a000 	C:\Windows\System32\bcryptPrimitives.dll
0x00007ffb245a0000 - 0x00007ffb245ce000 	C:\Windows\System32\IMM32.DLL
0x0000000057200000 - 0x00000000572d2000 	F:\anzhuangAndroidstudio\jre\jre\bin\msvcr100.dll
0x00000000574c0000 - 0x0000000057cff000 	F:\anzhuangAndroidstudio\jre\jre\bin\server\jvm.dll
0x00007ffb24350000 - 0x00007ffb24358000 	C:\Windows\System32\PSAPI.DLL
0x00007ffb13770000 - 0x00007ffb13779000 	C:\Windows\SYSTEM32\WSOCK32.dll
0x00007ffb1ef90000 - 0x00007ffb1efb3000 	C:\Windows\SYSTEM32\WINMM.dll
0x00007ffb14a80000 - 0x00007ffb14a8a000 	C:\Windows\SYSTEM32\VERSION.dll
0x00007ffb24420000 - 0x00007ffb2448a000 	C:\Windows\System32\WS2_32.dll
0x00000000021c0000 - 0x00000000021eb000 	C:\Windows\SYSTEM32\WINMMBASE.dll
0x00007ffb21420000 - 0x00007ffb21462000 	C:\Windows\System32\cfgmgr32.dll
0x00007ffb1d810000 - 0x00007ffb1d81f000 	F:\anzhuangAndroidstudio\jre\jre\bin\verify.dll
0x00007ffb1d7e0000 - 0x00007ffb1d809000 	F:\anzhuangAndroidstudio\jre\jre\bin\java.dll
0x00007ffb1b400000 - 0x00007ffb1b416000 	F:\anzhuangAndroidstudio\jre\jre\bin\zip.dll
0x00007ffb22ab0000 - 0x00007ffb23fb9000 	C:\Windows\System32\SHELL32.dll
0x00007ffb20be0000 - 0x00007ffb212ba000 	C:\Windows\System32\windows.storage.dll
0x00007ffb20b10000 - 0x00007ffb20b5c000 	C:\Windows\System32\powrprof.dll
0x00007ffb24630000 - 0x00007ffb24682000 	C:\Windows\System32\shlwapi.dll
0x00007ffb20af0000 - 0x00007ffb20aff000 	C:\Windows\System32\kernel.appcore.dll
0x00007ffb21370000 - 0x00007ffb21419000 	C:\Windows\System32\shcore.dll
0x00007ffb20b60000 - 0x00007ffb20b74000 	C:\Windows\System32\profapi.dll
0x00007ffb19a00000 - 0x00007ffb19a1a000 	F:\anzhuangAndroidstudio\jre\jre\bin\net.dll
0x00007ffb202f0000 - 0x00007ffb2034c000 	C:\Windows\system32\mswsock.dll
0x00007ffb199e0000 - 0x00007ffb199f1000 	F:\anzhuangAndroidstudio\jre\jre\bin\nio.dll
0x00007ffb14c10000 - 0x00007ffb14c2e000 	C:\Users\Administrator\.gradle\native\25\windows-amd64\native-platform.dll
0x00007ffb1d7a0000 - 0x00007ffb1d7ad000 	F:\anzhuangAndroidstudio\jre\jre\bin\management.dll
0x00007ffb20590000 - 0x00007ffb205a7000 	C:\Windows\SYSTEM32\CRYPTSP.dll
0x00007ffb20470000 - 0x00007ffb204a3000 	C:\Windows\system32\rsaenh.dll
0x00007ffb206a0000 - 0x00007ffb206cb000 	C:\Windows\SYSTEM32\bcrypt.dll
0x00007ffb201f0000 - 0x00007ffb2020f000 	C:\Windows\SYSTEM32\USERENV.dll
0x00007ffb205b0000 - 0x00007ffb205bb000 	C:\Windows\SYSTEM32\CRYPTBASE.dll
0x00007ffb1f210000 - 0x00007ffb1f248000 	C:\Windows\SYSTEM32\IPHLPAPI.DLL
0x00007ffb23fc0000 - 0x00007ffb23fc8000 	C:\Windows\System32\NSI.dll
0x00007ffb18990000 - 0x00007ffb189a6000 	C:\Windows\SYSTEM32\dhcpcsvc6.DLL
0x00007ffb18a70000 - 0x00007ffb18a8a000 	C:\Windows\SYSTEM32\dhcpcsvc.DLL

VM Arguments:
jvm_args: -Xmx1536m -Dfile.encoding=GBK -Duser.country=CN -Duser.language=zh -Duser.variant 
java_command: org.gradle.launcher.daemon.bootstrap.GradleDaemon 4.4
java_class_path (initial): C:\Users\Administrator\.gradle\wrapper\dists\gradle-4.4-all\9br9xq1tocpiv8o6njlyu5op1\gradle-4.4\lib\gradle-launcher-4.4.jar
Launcher Type: SUN_STANDARD

Environment Variables:
PATH=C:\Windows\system32;C:\Windows;C:\Windows\System32\Wbem;C:\Windows\System32\WindowsPowerShell\v1.0\;C:\Users\Administrator\AppData\Local\Microsoft\WindowsApps;
USERNAME=Administrator
OS=Windows_NT
PROCESSOR_IDENTIFIER=Intel64 Family 6 Model 42 Stepping 7, GenuineIntel



---------------  S Y S T E M  ---------------

OS: Windows 10.0 , 64 bit Build 14393 (10.0.14393.0)

CPU:total 4 (initial active 4) (2 cores per cpu, 2 threads per core) family 6 model 42 stepping 7, cmov, cx8, fxsr, mmx, sse, sse2, sse3, ssse3, sse4.1, sse4.2, popcnt, avx, clmul, ht, tsc, tscinvbit

Memory: 4k page, physical 6233964k(972008k free), swap 8331116k(4112k free)

vm_info: OpenJDK 64-Bit Server VM (25.152-b02) for windows-amd64 JRE (1.8.0_152-release-1024-b02), built by "builder" with MS VC++ 10.0 (VS2010)

time: Tue Oct 30 16:39:11 2018
elapsed time: 4 seconds (0d 0h 0m 4s)

